[main 6c693f2] Reporte automático 2026-02-17_00-45-00
 4 files changed, 298 insertions(+)
 create mode 100644 cron.log
 create mode 100644 report_2026-02-17_00-45-00.html
 create mode 100755 server_report.sh
 create mode 100644 server_report.sh:Zone.Identifier
remote: error: GH013: Repository rule violations found for refs/heads/main.        
remote: 
remote: - GITHUB PUSH PROTECTION        
remote:   —————————————————————————————————————————        
remote:     Resolve the following violations before pushing again        
remote: 
remote:     - Push cannot contain secrets        
remote: 
remote:             
remote:      (?) Learn how to resolve a blocked push        
remote:      https://docs.github.com/code-security/secret-scanning/working-with-secret-scanning-and-push-protection/working-with-push-protection-from-the-command-line#resolving-a-blocked-push        
remote:             
remote:             
remote:       —— GitHub Personal Access Token ——————————————————————        
remote:        locations:        
remote:          - commit: 6c693f2fa09723163c3f341e663c8890dfdadefe        
remote:            path: server_report.sh:159        
remote:             
remote:        (?) To push, remove secret from commit(s) or follow this URL to allow the secret.        
remote:        https://github.com/cesar17gs/server-monitoring/security/secret-scanning/unblock-secret/39moeTGQ8FynWQ16HkCxsFECjrU        
remote:             
remote: 
remote: 
To github.com:cesar17gs/server-monitoring.git
 ! [remote rejected] main -> main (push declined due to repository rule violations)
error: failed to push some refs to 'github.com:cesar17gs/server-monitoring.git'
[main b813109] Reporte automático 2026-02-17_00-50-00
 2 files changed, 140 insertions(+), 3 deletions(-)
 create mode 100644 report_2026-02-17_00-50-00.html
remote: error: GH013: Repository rule violations found for refs/heads/main.        
remote: 
remote: - GITHUB PUSH PROTECTION        
remote:   —————————————————————————————————————————        
remote:     Resolve the following violations before pushing again        
remote: 
remote:     - Push cannot contain secrets        
remote: 
remote:             
remote:      (?) Learn how to resolve a blocked push        
remote:      https://docs.github.com/code-security/secret-scanning/working-with-secret-scanning-and-push-protection/working-with-push-protection-from-the-command-line#resolving-a-blocked-push        
remote:             
remote:             
remote:       —— GitHub Personal Access Token ——————————————————————        
remote:        locations:        
remote:          - commit: 6c693f2fa09723163c3f341e663c8890dfdadefe        
remote:            path: server_report.sh:159        
remote:             
remote:        (?) To push, remove secret from commit(s) or follow this URL to allow the secret.        
remote:        https://github.com/cesar17gs/server-monitoring/security/secret-scanning/unblock-secret/39moeTGQ8FynWQ16HkCxsFECjrU        
remote:             
remote: 
remote: 
To github.com:cesar17gs/server-monitoring.git
 ! [remote rejected] main -> main (push declined due to repository rule violations)
error: failed to push some refs to 'github.com:cesar17gs/server-monitoring.git'
[main f7a17fa] Reporte automático 2026-02-17_00-55-01
 1 file changed, 139 insertions(+)
 create mode 100644 report_2026-02-17_00-55-01.html
To github.com:cesar17gs/server-monitoring.git
   b89cec1..f7a17fa  main -> main
